android/app/build/intermediates/manifest_merge_blame_file/debug/manifest-merger-blame-debug-report.txt
1<?xml version="1.0" encoding="utf-8"?>
2<manifest xmlns:android="http://schemas.android.com/apk/res/android"
3    package="com.apkabsenunklab"
4    android:versionCode="1"
5    android:versionName="1.0" >
6
7    <uses-sdk
8        android:minSdkVersion="21"
9        android:targetSdkVersion="33" />
10
11    <uses-permission android:name="android.permission.SYSTEM_ALERT_WINDOW" />
11-->src\debug\AndroidManifest.xml:5:5-77
11-->src\debug\AndroidManifest.xml:5:22-75
12    <uses-permission android:name="android.permission.INTERNET" />
12-->src\main\AndroidManifest.xml:3:5-67
12-->src\main\AndroidManifest.xml:3:22-64
13    <uses-permission android:name="android.permission.ACCESS_WIFI_STATE" />
13-->[com.facebook.flipper:flipper:0.125.0] AndroidManifest.xml:16:5-76
13-->[com.facebook.flipper:flipper:0.125.0] AndroidManifest.xml:16:22-73
14    <uses-permission android:name="android.permission.CAMERA" />
14-->[:react-native-camera] AndroidManifest.xml:9:5-65
14-->[:react-native-camera] AndroidManifest.xml:9:22-62
15
16    <uses-feature
16-->[:react-native-camera] AndroidManifest.xml:11:5-13:36
17        android:name="android.hardware.camera"
17-->[:react-native-camera] AndroidManifest.xml:12:9-47
18        android:required="false" />
18-->[:react-native-camera] AndroidManifest.xml:13:9-33
19    <uses-feature
19-->[:react-native-camera] AndroidManifest.xml:14:5-16:36
20        android:name="android.hardware.camera.autofocus"
20-->[:react-native-camera] AndroidManifest.xml:15:9-57
21        android:required="false" /> <!-- Although the *SdkVersion is captured in gradle build files, this is required for non gradle builds -->
21-->[:react-native-camera] AndroidManifest.xml:16:9-33
22    <!-- <uses-sdk android:minSdkVersion="14"/> -->
23    <uses-permission android:name="android.permission.ACCESS_NETWORK_STATE" />
23-->[com.google.android.datatransport:transport-backend-cct:2.3.3] AndroidManifest.xml:25:5-79
23-->[com.google.android.datatransport:transport-backend-cct:2.3.3] AndroidManifest.xml:25:22-76
24
25    <application
25-->src\main\AndroidManifest.xml:5:5-24:19
26        android:name="com.apkabsenunklab.MainApplication"
26-->src\main\AndroidManifest.xml:6:7-38
27        android:allowBackup="false"
27-->src\main\AndroidManifest.xml:10:7-34
28        android:appComponentFactory="androidx.core.app.CoreComponentFactory"
28-->[androidx.core:core:1.7.0] AndroidManifest.xml:24:18-86
29        android:debuggable="true"
30        android:icon="@mipmap/ic_launcher"
30-->src\main\AndroidManifest.xml:8:7-41
31        android:label="@string/app_name"
31-->src\main\AndroidManifest.xml:7:7-39
32        android:roundIcon="@mipmap/ic_launcher_round"
32-->src\main\AndroidManifest.xml:9:7-52
33        android:theme="@style/AppTheme"
33-->src\main\AndroidManifest.xml:11:7-38
34        android:usesCleartextTraffic="true" >
34-->src\debug\AndroidManifest.xml:8:9-44
35        <activity
35-->src\debug\AndroidManifest.xml:11:9-111
36            android:name="com.facebook.react.devsupport.DevSettingsActivity"
36-->src\debug\AndroidManifest.xml:11:19-83
37            android:exported="false" />
37-->src\debug\AndroidManifest.xml:11:84-108
38        <activity
38-->src\main\AndroidManifest.xml:12:7-23:18
39            android:name="com.apkabsenunklab.MainActivity"
39-->src\main\AndroidManifest.xml:13:9-37
40            android:configChanges="keyboard|keyboardHidden|orientation|screenLayout|screenSize|smallestScreenSize|uiMode"
40-->src\main\AndroidManifest.xml:15:9-118
41            android:exported="true"
41-->src\main\AndroidManifest.xml:18:9-32
42            android:label="@string/app_name"
42-->src\main\AndroidManifest.xml:14:9-41
43            android:launchMode="singleTask"
43-->src\main\AndroidManifest.xml:16:9-40
44            android:windowSoftInputMode="adjustResize" >
44-->src\main\AndroidManifest.xml:17:9-51
45            <intent-filter>
45-->src\main\AndroidManifest.xml:19:9-22:25
46                <action android:name="android.intent.action.MAIN" />
46-->src\main\AndroidManifest.xml:20:13-65
46-->src\main\AndroidManifest.xml:20:21-62
47
48                <category android:name="android.intent.category.LAUNCHER" />
48-->src\main\AndroidManifest.xml:21:13-73
48-->src\main\AndroidManifest.xml:21:23-70
49            </intent-filter>
50        </activity>
51
52        <service
52-->[com.google.android.gms:play-services-mlkit-barcode-scanning:16.2.0] AndroidManifest.xml:9:9-15:19
53            android:name="com.google.mlkit.common.internal.MlKitComponentDiscoveryService"
53-->[com.google.android.gms:play-services-mlkit-barcode-scanning:16.2.0] AndroidManifest.xml:10:13-91
54            android:directBootAware="true"
54-->[com.google.mlkit:common:17.2.0] AndroidManifest.xml:17:13-43
55            android:exported="false" >
55-->[com.google.android.gms:play-services-mlkit-barcode-scanning:16.2.0] AndroidManifest.xml:11:13-37
56            <meta-data
56-->[com.google.android.gms:play-services-mlkit-barcode-scanning:16.2.0] AndroidManifest.xml:12:13-14:85
57                android:name="com.google.firebase.components:com.google.mlkit.vision.barcode.internal.BarcodeRegistrar"
57-->[com.google.android.gms:play-services-mlkit-barcode-scanning:16.2.0] AndroidManifest.xml:13:17-120
58                android:value="com.google.firebase.components.ComponentRegistrar" />
58-->[com.google.android.gms:play-services-mlkit-barcode-scanning:16.2.0] AndroidManifest.xml:14:17-82
59            <meta-data
59-->[com.google.android.gms:play-services-mlkit-face-detection:16.2.0] AndroidManifest.xml:12:13-14:85
60                android:name="com.google.firebase.components:com.google.mlkit.vision.face.internal.FaceRegistrar"
60-->[com.google.android.gms:play-services-mlkit-face-detection:16.2.0] AndroidManifest.xml:13:17-114
61                android:value="com.google.firebase.components.ComponentRegistrar" />
61-->[com.google.android.gms:play-services-mlkit-face-detection:16.2.0] AndroidManifest.xml:14:17-82
62            <meta-data
62-->[com.google.android.gms:play-services-mlkit-text-recognition:16.3.0] AndroidManifest.xml:12:13-14:85
63                android:name="com.google.firebase.components:com.google.mlkit.vision.text.internal.TextRegistrar"
63-->[com.google.android.gms:play-services-mlkit-text-recognition:16.3.0] AndroidManifest.xml:13:17-114
64                android:value="com.google.firebase.components.ComponentRegistrar" />
64-->[com.google.android.gms:play-services-mlkit-text-recognition:16.3.0] AndroidManifest.xml:14:17-82
65            <meta-data
65-->[com.google.mlkit:vision-common:16.5.0] AndroidManifest.xml:12:13-14:85
66                android:name="com.google.firebase.components:com.google.mlkit.vision.common.internal.VisionCommonRegistrar"
66-->[com.google.mlkit:vision-common:16.5.0] AndroidManifest.xml:13:17-124
67                android:value="com.google.firebase.components.ComponentRegistrar" />
67-->[com.google.mlkit:vision-common:16.5.0] AndroidManifest.xml:14:17-82
68            <meta-data
68-->[com.google.mlkit:common:17.2.0] AndroidManifest.xml:20:13-22:85
69                android:name="com.google.firebase.components:com.google.mlkit.common.internal.CommonComponentRegistrar"
69-->[com.google.mlkit:common:17.2.0] AndroidManifest.xml:21:17-120
70                android:value="com.google.firebase.components.ComponentRegistrar" />
70-->[com.google.mlkit:common:17.2.0] AndroidManifest.xml:22:17-82
71        </service>
72
73        <provider
73-->[com.google.mlkit:common:17.2.0] AndroidManifest.xml:9:9-13:38
74            android:name="com.google.mlkit.common.internal.MlKitInitProvider"
74-->[com.google.mlkit:common:17.2.0] AndroidManifest.xml:10:13-78
75            android:authorities="com.apkabsenunklab.mlkitinitprovider"
75-->[com.google.mlkit:common:17.2.0] AndroidManifest.xml:11:13-69
76            android:exported="false"
76-->[com.google.mlkit:common:17.2.0] AndroidManifest.xml:12:13-37
77            android:initOrder="99" />
77-->[com.google.mlkit:common:17.2.0] AndroidManifest.xml:13:13-35
78
79        <activity
79-->[com.google.android.gms:play-services-base:17.6.0] AndroidManifest.xml:23:9-26:75
80            android:name="com.google.android.gms.common.api.GoogleApiActivity"
80-->[com.google.android.gms:play-services-base:17.6.0] AndroidManifest.xml:24:13-79
81            android:exported="false"
81-->[com.google.android.gms:play-services-base:17.6.0] AndroidManifest.xml:25:13-37
82            android:theme="@android:style/Theme.Translucent.NoTitleBar" />
82-->[com.google.android.gms:play-services-base:17.6.0] AndroidManifest.xml:26:13-72
83
84        <meta-data
84-->[com.google.android.gms:play-services-basement:17.6.0] AndroidManifest.xml:23:9-25:69
85            android:name="com.google.android.gms.version"
85-->[com.google.android.gms:play-services-basement:17.6.0] AndroidManifest.xml:24:13-58
86            android:value="@integer/google_play_services_version" />
86-->[com.google.android.gms:play-services-basement:17.6.0] AndroidManifest.xml:25:13-66
87
88        <provider
88-->[androidx.emoji2:emoji2:1.0.0] AndroidManifest.xml:26:9-34:20
89            android:name="androidx.startup.InitializationProvider"
89-->[androidx.emoji2:emoji2:1.0.0] AndroidManifest.xml:27:13-67
90            android:authorities="com.apkabsenunklab.androidx-startup"
90-->[androidx.emoji2:emoji2:1.0.0] AndroidManifest.xml:28:13-68
91            android:exported="false" >
91-->[androidx.emoji2:emoji2:1.0.0] AndroidManifest.xml:29:13-37
92            <meta-data
92-->[androidx.emoji2:emoji2:1.0.0] AndroidManifest.xml:31:13-33:52
93                android:name="androidx.emoji2.text.EmojiCompatInitializer"
93-->[androidx.emoji2:emoji2:1.0.0] AndroidManifest.xml:32:17-75
94                android:value="androidx.startup" />
94-->[androidx.emoji2:emoji2:1.0.0] AndroidManifest.xml:33:17-49
95            <meta-data
95-->[androidx.lifecycle:lifecycle-process:2.4.0] AndroidManifest.xml:31:13-33:52
96                android:name="androidx.lifecycle.ProcessLifecycleInitializer"
96-->[androidx.lifecycle:lifecycle-process:2.4.0] AndroidManifest.xml:32:17-78
97                android:value="androidx.startup" />
97-->[androidx.lifecycle:lifecycle-process:2.4.0] AndroidManifest.xml:33:17-49
98        </provider>
99
100        <service
100-->[com.google.android.datatransport:transport-backend-cct:2.3.3] AndroidManifest.xml:29:9-35:19
101            android:name="com.google.android.datatransport.runtime.backends.TransportBackendDiscovery"
101-->[com.google.android.datatransport:transport-backend-cct:2.3.3] AndroidManifest.xml:30:13-103
102            android:exported="false" >
102-->[com.google.android.datatransport:transport-backend-cct:2.3.3] AndroidManifest.xml:31:13-37
103            <meta-data
103-->[com.google.android.datatransport:transport-backend-cct:2.3.3] AndroidManifest.xml:32:13-34:39
104                android:name="backend:com.google.android.datatransport.cct.CctBackendFactory"
104-->[com.google.android.datatransport:transport-backend-cct:2.3.3] AndroidManifest.xml:33:17-94
105                android:value="cct" />
105-->[com.google.android.datatransport:transport-backend-cct:2.3.3] AndroidManifest.xml:34:17-36
106        </service>
107        <service
107-->[com.google.android.datatransport:transport-runtime:2.2.6] AndroidManifest.xml:26:9-30:19
108            android:name="com.google.android.datatransport.runtime.scheduling.jobscheduling.JobInfoSchedulerService"
108-->[com.google.android.datatransport:transport-runtime:2.2.6] AndroidManifest.xml:27:13-117
109            android:exported="false"
109-->[com.google.android.datatransport:transport-runtime:2.2.6] AndroidManifest.xml:28:13-37
110            android:permission="android.permission.BIND_JOB_SERVICE" >
110-->[com.google.android.datatransport:transport-runtime:2.2.6] AndroidManifest.xml:29:13-69
111        </service>
112
113        <receiver
113-->[com.google.android.datatransport:transport-runtime:2.2.6] AndroidManifest.xml:32:9-34:40
114            android:name="com.google.android.datatransport.runtime.scheduling.jobscheduling.AlarmManagerSchedulerBroadcastReceiver"
114-->[com.google.android.datatransport:transport-runtime:2.2.6] AndroidManifest.xml:33:13-132
115            android:exported="false" />
115-->[com.google.android.datatransport:transport-runtime:2.2.6] AndroidManifest.xml:34:13-37
116    </application>
117
118</manifest>